C:\New folder\Pract\Angular2\Angular2Demo\Angular2Demo\src\app\app.component.js
C:\New folder\Pract\Angular2\Angular2Demo\Angular2Demo\src\app\app.component.js.map
C:\New folder\Pract\Angular2\Angular2Demo\Angular2Demo\src\app\employee\Employee.js
C:\New folder\Pract\Angular2\Angular2Demo\Angular2Demo\src\app\employee\Employee.js.map
C:\New folder\Pract\Angular2\Angular2Demo\Angular2Demo\src\app\service\employee.service.js
C:\New folder\Pract\Angular2\Angular2Demo\Angular2Demo\src\app\service\employee.service.js.map
C:\New folder\Pract\Angular2\Angular2Demo\Angular2Demo\src\app\employee\Employee.Component.js
C:\New folder\Pract\Angular2\Angular2Demo\Angular2Demo\src\app\employee\Employee.Component.js.map
C:\New folder\Pract\Angular2\Angular2Demo\Angular2Demo\src\app\employeeList\EmployeeList.component.js
C:\New folder\Pract\Angular2\Angular2Demo\Angular2Demo\src\app\employeeList\EmployeeList.component.js.map
C:\New folder\Pract\Angular2\Angular2Demo\Angular2Demo\src\app\customPipe\EmployeeTitle.Pipe.js
C:\New folder\Pract\Angular2\Angular2Demo\Angular2Demo\src\app\customPipe\EmployeeTitle.Pipe.js.map
C:\New folder\Pract\Angular2\Angular2Demo\Angular2Demo\src\app\employeeCount\EmployeeCount.component.js
C:\New folder\Pract\Angular2\Angular2Demo\Angular2Demo\src\app\employeeCount\EmployeeCount.component.js.map
C:\New folder\Pract\Angular2\Angular2Demo\Angular2Demo\src\app\other\SimpleComponent.js
C:\New folder\Pract\Angular2\Angular2Demo\Angular2Demo\src\app\other\SimpleComponent.js.map
C:\New folder\Pract\Angular2\Angular2Demo\Angular2Demo\src\app\home\home.component.js
C:\New folder\Pract\Angular2\Angular2Demo\Angular2Demo\src\app\home\home.component.js.map
C:\New folder\Pract\Angular2\Angular2Demo\Angular2Demo\src\app\other\pageNotFound.component.js
C:\New folder\Pract\Angular2\Angular2Demo\Angular2Demo\src\app\other\pageNotFound.component.js.map
C:\New folder\Pract\Angular2\Angular2Demo\Angular2Demo\src\app\app.module.js
C:\New folder\Pract\Angular2\Angular2Demo\Angular2Demo\src\app\app.module.js.map
C:\New folder\Pract\Angular2\Angular2Demo\Angular2Demo\src\main.js
C:\New folder\Pract\Angular2\Angular2Demo\Angular2Demo\src\main.js.map
C:\New folder\Pract\Angular2\Angular2Demo\Angular2Demo\src\app\app.component.spec.js
C:\New folder\Pract\Angular2\Angular2Demo\Angular2Demo\src\app\app.component.spec.js.map
